launcher/build/intermediates/manifest_merge_blame_file/debug/manifest-merger-blame-debug-report.txt
1<?xml version="1.0" encoding="utf-8"?>
2<!-- GENERATED BY UNITY. REMOVE THIS COMMENT TO PREVENT OVERWRITING WHEN EXPORTING AGAIN -->
3<manifest xmlns:android="http://schemas.android.com/apk/res/android"
4    package="es.kamikaze.app"
5    android:installLocation="preferExternal"
6    android:versionCode="1"
7    android:versionName="1.0.2" >
8
9    <uses-sdk
10        android:minSdkVersion="24"
10-->src\main\AndroidManifest.xml
11        android:targetSdkVersion="32" />
11-->src\main\AndroidManifest.xml
12
13    <supports-screens
13-->src\main\AndroidManifest.xml:4:3-163
14        android:anyDensity="true"
14-->src\main\AndroidManifest.xml:4:135-160
15        android:largeScreens="true"
15-->src\main\AndroidManifest.xml:4:78-105
16        android:normalScreens="true"
16-->src\main\AndroidManifest.xml:4:49-77
17        android:smallScreens="true"
17-->src\main\AndroidManifest.xml:4:21-48
18        android:xlargeScreens="true" />
18-->src\main\AndroidManifest.xml:4:106-134
19
20    <uses-feature android:glEsVersion="0x00030000" />
20-->[:unityLibrary] AndroidManifest.xml:13:5-54
20-->[:unityLibrary] AndroidManifest.xml:13:19-51
21    <uses-feature
21-->[:unityLibrary] AndroidManifest.xml:14:5-16:36
22        android:name="android.hardware.vulkan.version"
22-->[:unityLibrary] AndroidManifest.xml:15:9-55
23        android:required="false" />
23-->[:unityLibrary] AndroidManifest.xml:16:9-33
24    <uses-feature
24-->[:unityLibrary] AndroidManifest.xml:17:5-19:36
25        android:name="android.hardware.touchscreen"
25-->[:unityLibrary] AndroidManifest.xml:18:9-52
26        android:required="false" />
26-->[:unityLibrary] AndroidManifest.xml:19:9-33
27    <uses-feature
27-->[:unityLibrary] AndroidManifest.xml:20:5-22:36
28        android:name="android.hardware.touchscreen.multitouch"
28-->[:unityLibrary] AndroidManifest.xml:21:9-63
29        android:required="false" />
29-->[:unityLibrary] AndroidManifest.xml:22:9-33
30    <uses-feature
30-->[:unityLibrary] AndroidManifest.xml:23:5-25:36
31        android:name="android.hardware.touchscreen.multitouch.distinct"
31-->[:unityLibrary] AndroidManifest.xml:24:9-72
32        android:required="false" /> <!-- Include required permissions for Advertising Id -->
32-->[:unityLibrary] AndroidManifest.xml:25:9-33
33    <uses-permission android:name="com.google.android.gms.permission.AD_ID" /> <!-- Required permission for App measurement to run. -->
33-->[:com.google.android.gms.play-services-ads-identifier-18.0.0:] AndroidManifest.xml:23:5-79
33-->[:com.google.android.gms.play-services-ads-identifier-18.0.0:] AndroidManifest.xml:23:22-76
34    <uses-permission android:name="android.permission.INTERNET" />
34-->[:com.google.android.gms.play-services-measurement-21.0.0:] AndroidManifest.xml:23:5-67
34-->[:com.google.android.gms.play-services-measurement-21.0.0:] AndroidManifest.xml:23:22-64
35    <uses-permission android:name="android.permission.ACCESS_NETWORK_STATE" />
35-->[:com.google.android.gms.play-services-measurement-21.0.0:] AndroidManifest.xml:24:5-79
35-->[:com.google.android.gms.play-services-measurement-21.0.0:] AndroidManifest.xml:24:22-76
36    <uses-permission android:name="android.permission.WAKE_LOCK" />
36-->[:com.google.android.gms.play-services-measurement-21.0.0:] AndroidManifest.xml:25:5-68
36-->[:com.google.android.gms.play-services-measurement-21.0.0:] AndroidManifest.xml:25:22-65
37    <uses-permission android:name="com.google.android.finsky.permission.BIND_GET_INSTALL_REFERRER_SERVICE" />
37-->[:com.google.android.gms.play-services-measurement-21.0.0:] AndroidManifest.xml:26:5-110
37-->[:com.google.android.gms.play-services-measurement-21.0.0:] AndroidManifest.xml:26:22-107
38
39    <application
39-->src\main\AndroidManifest.xml:5:3-116
40        android:appComponentFactory="androidx.core.app.CoreComponentFactory"
40-->[:androidx.core.core-1.2.0:] AndroidManifest.xml:24:18-86
41        android:debuggable="true"
42        android:extractNativeLibs="true"
42-->src\main\AndroidManifest.xml:5:16-48
43        android:icon="@mipmap/app_icon"
43-->src\main\AndroidManifest.xml:5:82-113
44        android:label="@string/app_name" >
44-->src\main\AndroidManifest.xml:5:49-81
45        <activity
45-->[:unityLibrary] AndroidManifest.xml:28:9-48:20
46            android:name="com.unity3d.player.UnityPlayerActivity"
46-->[:unityLibrary] AndroidManifest.xml:29:13-66
47            android:configChanges="mcc|mnc|locale|touchscreen|keyboard|keyboardHidden|navigation|orientation|screenLayout|uiMode|screenSize|smallestScreenSize|fontScale|layoutDirection|density"
47-->[:unityLibrary] AndroidManifest.xml:30:13-194
48            android:hardwareAccelerated="false"
48-->[:unityLibrary] AndroidManifest.xml:31:13-48
49            android:launchMode="singleTask"
49-->[:unityLibrary] AndroidManifest.xml:32:13-44
50            android:resizeableActivity="true"
50-->[:unityLibrary] AndroidManifest.xml:33:13-46
51            android:screenOrientation="sensorLandscape"
51-->[:unityLibrary] AndroidManifest.xml:34:13-56
52            android:theme="@style/UnityThemeSelector" >
52-->[:unityLibrary] AndroidManifest.xml:35:13-54
53            <intent-filter>
53-->[:unityLibrary] AndroidManifest.xml:36:13-40:29
54                <action android:name="android.intent.action.MAIN" />
54-->[:unityLibrary] AndroidManifest.xml:37:17-69
54-->[:unityLibrary] AndroidManifest.xml:37:25-66
55
56                <category android:name="android.intent.category.LAUNCHER" />
56-->[:unityLibrary] AndroidManifest.xml:39:17-77
56-->[:unityLibrary] AndroidManifest.xml:39:27-74
57            </intent-filter>
58
59            <meta-data
59-->[:unityLibrary] AndroidManifest.xml:42:13-44:40
60                android:name="unityplayer.UnityActivity"
60-->[:unityLibrary] AndroidManifest.xml:43:17-57
61                android:value="true" />
61-->[:unityLibrary] AndroidManifest.xml:44:17-37
62            <meta-data
62-->[:unityLibrary] AndroidManifest.xml:45:13-47:40
63                android:name="android.notch_support"
63-->[:unityLibrary] AndroidManifest.xml:46:17-53
64                android:value="true" />
64-->[:unityLibrary] AndroidManifest.xml:47:17-37
65        </activity>
66
67        <meta-data
67-->[:unityLibrary] AndroidManifest.xml:50:9-52:33
68            android:name="unity.splash-mode"
68-->[:unityLibrary] AndroidManifest.xml:51:13-45
69            android:value="0" />
69-->[:unityLibrary] AndroidManifest.xml:52:13-30
70        <meta-data
70-->[:unityLibrary] AndroidManifest.xml:53:9-55:36
71            android:name="unity.splash-enable"
71-->[:unityLibrary] AndroidManifest.xml:54:13-47
72            android:value="True" />
72-->[:unityLibrary] AndroidManifest.xml:55:13-33
73        <meta-data
73-->[:unityLibrary] AndroidManifest.xml:56:9-58:36
74            android:name="unity.allow-resizable-window"
74-->[:unityLibrary] AndroidManifest.xml:57:13-56
75            android:value="True" />
75-->[:unityLibrary] AndroidManifest.xml:58:13-33
76        <meta-data
76-->[:unityLibrary] AndroidManifest.xml:59:9-61:50
77            android:name="notch.config"
77-->[:unityLibrary] AndroidManifest.xml:60:13-40
78            android:value="portrait|landscape" />
78-->[:unityLibrary] AndroidManifest.xml:61:13-47
79        <meta-data
79-->[:unityLibrary] AndroidManifest.xml:62:9-64:68
80            android:name="unity.build-id"
80-->[:unityLibrary] AndroidManifest.xml:63:13-42
81            android:value="44629e76-b082-4d6b-bb88-259bfece129f" />
81-->[:unityLibrary] AndroidManifest.xml:64:13-65
82
83        <receiver
83-->[:unityLibrary] AndroidManifest.xml:66:9-68:39
84            android:name="com.unity.androidnotifications.UnityNotificationManager"
84-->[:unityLibrary] AndroidManifest.xml:67:13-83
85            android:exported="true" />
85-->[:unityLibrary] AndroidManifest.xml:68:13-36
86        <receiver
86-->[:unityLibrary] AndroidManifest.xml:69:9-75:20
87            android:name="com.unity.androidnotifications.UnityNotificationRestartOnBootReceiver"
87-->[:unityLibrary] AndroidManifest.xml:70:13-97
88            android:enabled="false" >
88-->[:unityLibrary] AndroidManifest.xml:71:13-36
89            <intent-filter>
89-->[:unityLibrary] AndroidManifest.xml:72:13-74:29
90                <action android:name="android.intent.action.BOOT_COMPLETED" />
90-->[:unityLibrary] AndroidManifest.xml:73:17-79
90-->[:unityLibrary] AndroidManifest.xml:73:25-76
91            </intent-filter>
92        </receiver>
93
94        <activity
94-->[:com.google.android.gms.play-services-base-18.0.1:] AndroidManifest.xml:20:9-22:45
95            android:name="com.google.android.gms.common.api.GoogleApiActivity"
95-->[:com.google.android.gms.play-services-base-18.0.1:] AndroidManifest.xml:20:19-85
96            android:exported="false"
96-->[:com.google.android.gms.play-services-base-18.0.1:] AndroidManifest.xml:22:19-43
97            android:theme="@android:style/Theme.Translucent.NoTitleBar" />
97-->[:com.google.android.gms.play-services-base-18.0.1:] AndroidManifest.xml:21:19-78
98
99        <meta-data
99-->[:com.google.android.gms.play-services-basement-18.0.0:] AndroidManifest.xml:21:9-23:69
100            android:name="com.google.android.gms.version"
100-->[:com.google.android.gms.play-services-basement-18.0.0:] AndroidManifest.xml:22:13-58
101            android:value="@integer/google_play_services_version" />
101-->[:com.google.android.gms.play-services-basement-18.0.0:] AndroidManifest.xml:23:13-66
102
103        <receiver
103-->[:com.google.android.gms.play-services-measurement-21.0.0:] AndroidManifest.xml:29:9-33:20
104            android:name="com.google.android.gms.measurement.AppMeasurementReceiver"
104-->[:com.google.android.gms.play-services-measurement-21.0.0:] AndroidManifest.xml:30:13-85
105            android:enabled="true"
105-->[:com.google.android.gms.play-services-measurement-21.0.0:] AndroidManifest.xml:31:13-35
106            android:exported="false" >
106-->[:com.google.android.gms.play-services-measurement-21.0.0:] AndroidManifest.xml:32:13-37
107        </receiver>
108
109        <service
109-->[:com.google.android.gms.play-services-measurement-21.0.0:] AndroidManifest.xml:35:9-38:40
110            android:name="com.google.android.gms.measurement.AppMeasurementService"
110-->[:com.google.android.gms.play-services-measurement-21.0.0:] AndroidManifest.xml:36:13-84
111            android:enabled="true"
111-->[:com.google.android.gms.play-services-measurement-21.0.0:] AndroidManifest.xml:37:13-35
112            android:exported="false" />
112-->[:com.google.android.gms.play-services-measurement-21.0.0:] AndroidManifest.xml:38:13-37
113        <service
113-->[:com.google.android.gms.play-services-measurement-21.0.0:] AndroidManifest.xml:39:9-43:72
114            android:name="com.google.android.gms.measurement.AppMeasurementJobService"
114-->[:com.google.android.gms.play-services-measurement-21.0.0:] AndroidManifest.xml:40:13-87
115            android:enabled="true"
115-->[:com.google.android.gms.play-services-measurement-21.0.0:] AndroidManifest.xml:41:13-35
116            android:exported="false"
116-->[:com.google.android.gms.play-services-measurement-21.0.0:] AndroidManifest.xml:42:13-37
117            android:permission="android.permission.BIND_JOB_SERVICE" />
117-->[:com.google.android.gms.play-services-measurement-21.0.0:] AndroidManifest.xml:43:13-69
118        <service
118-->[:com.google.android.gms.play-services-measurement-api-21.0.0:] AndroidManifest.xml:28:9-34:19
119            android:name="com.google.firebase.components.ComponentDiscoveryService"
119-->[:com.google.android.gms.play-services-measurement-api-21.0.0:] AndroidManifest.xml:29:13-84
120            android:directBootAware="true"
120-->[:com.google.firebase.firebase-common-20.1.1:] AndroidManifest.xml:21:86-116
121            android:exported="false" >
121-->[:com.google.android.gms.play-services-measurement-api-21.0.0:] AndroidManifest.xml:30:13-37
122            <meta-data
122-->[:com.google.android.gms.play-services-measurement-api-21.0.0:] AndroidManifest.xml:31:13-33:85
123                android:name="com.google.firebase.components:com.google.firebase.analytics.connector.internal.AnalyticsConnectorRegistrar"
123-->[:com.google.android.gms.play-services-measurement-api-21.0.0:] AndroidManifest.xml:32:17-139
124                android:value="com.google.firebase.components.ComponentRegistrar" />
124-->[:com.google.android.gms.play-services-measurement-api-21.0.0:] AndroidManifest.xml:33:17-82
125            <meta-data
125-->[:com.google.firebase.firebase-auth-21.0.3:] AndroidManifest.xml:67:13-69:85
126                android:name="com.google.firebase.components:com.google.firebase.auth.FirebaseAuthRegistrar"
126-->[:com.google.firebase.firebase-auth-21.0.3:] AndroidManifest.xml:68:17-109
127                android:value="com.google.firebase.components.ComponentRegistrar" />
127-->[:com.google.firebase.firebase-auth-21.0.3:] AndroidManifest.xml:69:17-82
128            <meta-data
128-->[:com.google.firebase.firebase-database-20.0.5:] AndroidManifest.xml:32:13-34:85
129                android:name="com.google.firebase.components:com.google.firebase.database.DatabaseRegistrar"
129-->[:com.google.firebase.firebase-database-20.0.5:] AndroidManifest.xml:33:17-109
130                android:value="com.google.firebase.components.ComponentRegistrar" />
130-->[:com.google.firebase.firebase-database-20.0.5:] AndroidManifest.xml:34:17-82
131            <meta-data
131-->[:com.google.firebase.firebase-installations-17.0.1:] AndroidManifest.xml:18:13-20:85
132                android:name="com.google.firebase.components:com.google.firebase.installations.FirebaseInstallationsRegistrar"
132-->[:com.google.firebase.firebase-installations-17.0.1:] AndroidManifest.xml:19:17-127
133                android:value="com.google.firebase.components.ComponentRegistrar" />
133-->[:com.google.firebase.firebase-installations-17.0.1:] AndroidManifest.xml:20:17-82
134        </service>
135
136        <activity
136-->[:com.google.firebase.firebase-auth-21.0.3:] AndroidManifest.xml:27:9-44:20
137            android:name="com.google.firebase.auth.internal.GenericIdpActivity"
137-->[:com.google.firebase.firebase-auth-21.0.3:] AndroidManifest.xml:28:13-80
138            android:excludeFromRecents="true"
138-->[:com.google.firebase.firebase-auth-21.0.3:] AndroidManifest.xml:29:13-46
139            android:exported="true"
139-->[:com.google.firebase.firebase-auth-21.0.3:] AndroidManifest.xml:30:13-36
140            android:launchMode="singleTask"
140-->[:com.google.firebase.firebase-auth-21.0.3:] AndroidManifest.xml:31:13-44
141            android:theme="@android:style/Theme.Translucent.NoTitleBar" >
141-->[:com.google.firebase.firebase-auth-21.0.3:] AndroidManifest.xml:32:13-72
142            <intent-filter>
142-->[:com.google.firebase.firebase-auth-21.0.3:] AndroidManifest.xml:33:13-43:29
143                <action android:name="android.intent.action.VIEW" />
143-->[:com.google.firebase.firebase-auth-21.0.3:] AndroidManifest.xml:34:17-69
143-->[:com.google.firebase.firebase-auth-21.0.3:] AndroidManifest.xml:34:25-66
144
145                <category android:name="android.intent.category.DEFAULT" />
145-->[:com.google.firebase.firebase-auth-21.0.3:] AndroidManifest.xml:36:17-76
145-->[:com.google.firebase.firebase-auth-21.0.3:] AndroidManifest.xml:36:27-73
146                <category android:name="android.intent.category.BROWSABLE" />
146-->[:com.google.firebase.firebase-auth-21.0.3:] AndroidManifest.xml:37:17-78
146-->[:com.google.firebase.firebase-auth-21.0.3:] AndroidManifest.xml:37:27-75
147
148                <data
148-->[:com.google.firebase.firebase-auth-21.0.3:] AndroidManifest.xml:39:17-42:51
149                    android:host="firebase.auth"
149-->[:com.google.firebase.firebase-auth-21.0.3:] AndroidManifest.xml:40:21-49
150                    android:path="/"
150-->[:com.google.firebase.firebase-auth-21.0.3:] AndroidManifest.xml:41:21-37
151                    android:scheme="genericidp" />
151-->[:com.google.firebase.firebase-auth-21.0.3:] AndroidManifest.xml:42:21-48
152            </intent-filter>
153        </activity>
154        <activity
154-->[:com.google.firebase.firebase-auth-21.0.3:] AndroidManifest.xml:45:9-62:20
155            android:name="com.google.firebase.auth.internal.RecaptchaActivity"
155-->[:com.google.firebase.firebase-auth-21.0.3:] AndroidManifest.xml:46:13-79
156            android:excludeFromRecents="true"
156-->[:com.google.firebase.firebase-auth-21.0.3:] AndroidManifest.xml:47:13-46
157            android:exported="true"
157-->[:com.google.firebase.firebase-auth-21.0.3:] AndroidManifest.xml:48:13-36
158            android:launchMode="singleTask"
158-->[:com.google.firebase.firebase-auth-21.0.3:] AndroidManifest.xml:49:13-44
159            android:theme="@android:style/Theme.Translucent.NoTitleBar" >
159-->[:com.google.firebase.firebase-auth-21.0.3:] AndroidManifest.xml:50:13-72
160            <intent-filter>
160-->[:com.google.firebase.firebase-auth-21.0.3:] AndroidManifest.xml:51:13-61:29
161                <action android:name="android.intent.action.VIEW" />
161-->[:com.google.firebase.firebase-auth-21.0.3:] AndroidManifest.xml:34:17-69
161-->[:com.google.firebase.firebase-auth-21.0.3:] AndroidManifest.xml:34:25-66
162
163                <category android:name="android.intent.category.DEFAULT" />
163-->[:com.google.firebase.firebase-auth-21.0.3:] AndroidManifest.xml:36:17-76
163-->[:com.google.firebase.firebase-auth-21.0.3:] AndroidManifest.xml:36:27-73
164                <category android:name="android.intent.category.BROWSABLE" />
164-->[:com.google.firebase.firebase-auth-21.0.3:] AndroidManifest.xml:37:17-78
164-->[:com.google.firebase.firebase-auth-21.0.3:] AndroidManifest.xml:37:27-75
165
166                <data
166-->[:com.google.firebase.firebase-auth-21.0.3:] AndroidManifest.xml:39:17-42:51
167                    android:host="firebase.auth"
167-->[:com.google.firebase.firebase-auth-21.0.3:] AndroidManifest.xml:40:21-49
168                    android:path="/"
168-->[:com.google.firebase.firebase-auth-21.0.3:] AndroidManifest.xml:41:21-37
169                    android:scheme="recaptcha" />
169-->[:com.google.firebase.firebase-auth-21.0.3:] AndroidManifest.xml:42:21-48
170            </intent-filter>
171        </activity>
172
173        <provider
173-->[:com.google.firebase.firebase-common-20.1.1:] AndroidManifest.xml:20:5-221
174            android:name="com.google.firebase.provider.FirebaseInitProvider"
174-->[:com.google.firebase.firebase-common-20.1.1:] AndroidManifest.xml:20:15-79
175            android:authorities="es.kamikaze.app.firebaseinitprovider"
175-->[:com.google.firebase.firebase-common-20.1.1:] AndroidManifest.xml:20:80-138
176            android:directBootAware="true"
176-->[:com.google.firebase.firebase-common-20.1.1:] AndroidManifest.xml:20:139-169
177            android:exported="false"
177-->[:com.google.firebase.firebase-common-20.1.1:] AndroidManifest.xml:20:170-194
178            android:initOrder="100" />
178-->[:com.google.firebase.firebase-common-20.1.1:] AndroidManifest.xml:20:195-218
179    </application>
180
181</manifest>